12/07/2017 16:53:43 (Std) 	+-+-+-+-+-+-+-+-+-+-+-+-+-+-+-+-+-+-+-+-+-+-+-+-+-+-+-+-+-+-+-+-+-+-+-+-+-+-+-+
12/07/2017 16:53:43 (Std) 	+                     Crazy Eddie's GUI System - Event log                    +
12/07/2017 16:53:43 (Std) 	+                          (http://www.cegui.org.uk/)                         +
12/07/2017 16:53:43 (Std) 	+-+-+-+-+-+-+-+-+-+-+-+-+-+-+-+-+-+-+-+-+-+-+-+-+-+-+-+-+-+-+-+-+-+-+-+-+-+-+-+

12/07/2017 16:53:43 (Std) 	CEGUI::Logger singleton created. (06D0F720)
12/07/2017 16:53:43 (Std) 	
12/07/2017 16:53:43 (Std) 	********************************************************************************
12/07/2017 16:53:43 (Std) 	* Important:                                                                   *
12/07/2017 16:53:43 (Std) 	*     To get support at the CEGUI forums, you must post _at least_ the section *
12/07/2017 16:53:43 (Std) 	*     of this log file indicated below.  Failure to do this will result in no  *
12/07/2017 16:53:43 (Std) 	*     support being given; please do not waste our time.                       *
12/07/2017 16:53:43 (Std) 	********************************************************************************
12/07/2017 16:53:43 (Std) 	********************************************************************************
12/07/2017 16:53:43 (Std) 	* -------- START OF ESSENTIAL SECTION TO BE POSTED ON THE FORUM       -------- *
12/07/2017 16:53:43 (Std) 	********************************************************************************
12/07/2017 16:53:43 (Std) 	---- Version: 0.8.7 (Build: Jun 29 2017 Debug Microsoft Windows MSVC++ 14.0 (2015) 32 bit) ----
12/07/2017 16:53:43 (Std) 	---- Renderer module is: CEGUI::OpenGL3Renderer - Official OpenGL 3.2 core based renderer module.  TextureTarget support enabled via FBO OGL 3.2 core implementation. ----
12/07/2017 16:53:43 (Std) 	---- XML Parser module is: CEGUI::ExpatParser - Official expat based parser module for CEGUI ----
12/07/2017 16:53:43 (Std) 	---- Image Codec module is: SILLYImageCodec - Official SILLY based image codec ----
12/07/2017 16:53:43 (Std) 	---- Scripting module is: None ----
12/07/2017 16:53:43 (Std) 	********************************************************************************
12/07/2017 16:53:43 (Std) 	* -------- END OF ESSENTIAL SECTION TO BE POSTED ON THE FORUM         -------- *
12/07/2017 16:53:43 (Std) 	********************************************************************************
12/07/2017 16:53:43 (Std) 	
12/07/2017 16:53:43 (Std) 	---- Begining CEGUI System initialisation ----
12/07/2017 16:53:43 (Std) 	[CEGUI::ImageManager] Singleton created (004D1D60)
12/07/2017 16:53:43 (Std) 	[CEGUI::ImageManager] Registered Image type: BasicImage
12/07/2017 16:53:43 (Std) 	CEGUI::FontManager singleton created. (061FC540)
12/07/2017 16:53:43 (Std) 	CEGUI::WindowFactoryManager singleton created
12/07/2017 16:53:43 (Std) 	CEGUI::WindowManager singleton created (004C70C0)
12/07/2017 16:53:43 (Std) 	CEGUI::SchemeManager singleton created. (061FC7F8)
12/07/2017 16:53:43 (Std) 	CEGUI::GlobalEventSet singleton created. (06ADB3D0)
12/07/2017 16:53:43 (Std) 	CEGUI::AnimationManager singleton created (06C341B8)
12/07/2017 16:53:43 (Std) 	CEGUI::WidgetLookManager singleton created. (06D58718)
12/07/2017 16:53:43 (Std) 	CEGUI::WindowRendererManager singleton created (06D589D8)
12/07/2017 16:53:43 (Std) 	CEGUI::RenderEffectManager singleton created (06ADB460)
12/07/2017 16:53:43 (Std) 	Created WindowFactory for 'DefaultWindow' windows.
12/07/2017 16:53:43 (Std) 	WindowFactory for 'DefaultWindow' windows added. (06AE51E0)
12/07/2017 16:53:43 (Std) 	Created WindowFactory for 'DragContainer' windows.
12/07/2017 16:53:43 (Std) 	WindowFactory for 'DragContainer' windows added. (06AE52A8)
12/07/2017 16:53:43 (Std) 	Created WindowFactory for 'ScrolledContainer' windows.
12/07/2017 16:53:43 (Std) 	WindowFactory for 'ScrolledContainer' windows added. (06AE5370)
12/07/2017 16:53:43 (Std) 	Created WindowFactory for 'ClippedContainer' windows.
12/07/2017 16:53:43 (Std) 	WindowFactory for 'ClippedContainer' windows added. (06AE5438)
12/07/2017 16:53:43 (Std) 	Created WindowFactory for 'CEGUI/PushButton' windows.
12/07/2017 16:53:43 (Std) 	WindowFactory for 'CEGUI/PushButton' windows added. (06AE5500)
12/07/2017 16:53:43 (Std) 	Created WindowFactory for 'CEGUI/RadioButton' windows.
12/07/2017 16:53:43 (Std) 	WindowFactory for 'CEGUI/RadioButton' windows added. (06AE55C8)
12/07/2017 16:53:43 (Std) 	Created WindowFactory for 'CEGUI/Combobox' windows.
12/07/2017 16:53:43 (Std) 	WindowFactory for 'CEGUI/Combobox' windows added. (06AE5690)
12/07/2017 16:53:43 (Std) 	Created WindowFactory for 'CEGUI/ComboDropList' windows.
12/07/2017 16:53:43 (Std) 	WindowFactory for 'CEGUI/ComboDropList' windows added. (06AE5758)
12/07/2017 16:53:43 (Std) 	Created WindowFactory for 'CEGUI/Editbox' windows.
12/07/2017 16:53:43 (Std) 	WindowFactory for 'CEGUI/Editbox' windows added. (06AE58E8)
12/07/2017 16:53:43 (Std) 	Created WindowFactory for 'CEGUI/FrameWindow' windows.
12/07/2017 16:53:43 (Std) 	WindowFactory for 'CEGUI/FrameWindow' windows added. (06AE5820)
12/07/2017 16:53:43 (Std) 	Created WindowFactory for 'CEGUI/ItemEntry' windows.
12/07/2017 16:53:43 (Std) 	WindowFactory for 'CEGUI/ItemEntry' windows added. (06AE59B0)
12/07/2017 16:53:43 (Std) 	Created WindowFactory for 'CEGUI/Listbox' windows.
12/07/2017 16:53:43 (Std) 	WindowFactory for 'CEGUI/Listbox' windows added. (06AE5A78)
12/07/2017 16:53:43 (Std) 	Created WindowFactory for 'CEGUI/ListHeader' windows.
12/07/2017 16:53:43 (Std) 	WindowFactory for 'CEGUI/ListHeader' windows added. (06AE5B40)
12/07/2017 16:53:43 (Std) 	Created WindowFactory for 'CEGUI/ListHeaderSegment' windows.
12/07/2017 16:53:43 (Std) 	WindowFactory for 'CEGUI/ListHeaderSegment' windows added. (06AE5C08)
12/07/2017 16:53:43 (Std) 	Created WindowFactory for 'CEGUI/Menubar' windows.
12/07/2017 16:53:43 (Std) 	WindowFactory for 'CEGUI/Menubar' windows added. (06AE5CD0)
12/07/2017 16:53:43 (Std) 	Created WindowFactory for 'CEGUI/PopupMenu' windows.
12/07/2017 16:53:43 (Std) 	WindowFactory for 'CEGUI/PopupMenu' windows added. (06AE5D98)
12/07/2017 16:53:43 (Std) 	Created WindowFactory for 'CEGUI/MenuItem' windows.
12/07/2017 16:53:43 (Std) 	WindowFactory for 'CEGUI/MenuItem' windows added. (06AE5E60)
12/07/2017 16:53:43 (Std) 	Created WindowFactory for 'CEGUI/MultiColumnList' windows.
12/07/2017 16:53:43 (Std) 	WindowFactory for 'CEGUI/MultiColumnList' windows added. (06F3E098)
12/07/2017 16:53:43 (Std) 	Created WindowFactory for 'CEGUI/MultiLineEditbox' windows.
12/07/2017 16:53:43 (Std) 	WindowFactory for 'CEGUI/MultiLineEditbox' windows added. (06F3E160)
12/07/2017 16:53:43 (Std) 	Created WindowFactory for 'CEGUI/ProgressBar' windows.
12/07/2017 16:53:43 (Std) 	WindowFactory for 'CEGUI/ProgressBar' windows added. (06F3E228)
12/07/2017 16:53:43 (Std) 	Created WindowFactory for 'CEGUI/ScrollablePane' windows.
12/07/2017 16:53:43 (Std) 	WindowFactory for 'CEGUI/ScrollablePane' windows added. (06F3E2F0)
12/07/2017 16:53:43 (Std) 	Created WindowFactory for 'CEGUI/Scrollbar' windows.
12/07/2017 16:53:43 (Std) 	WindowFactory for 'CEGUI/Scrollbar' windows added. (06F3E3B8)
12/07/2017 16:53:43 (Std) 	Created WindowFactory for 'CEGUI/Slider' windows.
12/07/2017 16:53:43 (Std) 	WindowFactory for 'CEGUI/Slider' windows added. (06F3E480)
12/07/2017 16:53:43 (Std) 	Created WindowFactory for 'CEGUI/Spinner' windows.
12/07/2017 16:53:43 (Std) 	WindowFactory for 'CEGUI/Spinner' windows added. (06F3E548)
12/07/2017 16:53:43 (Std) 	Created WindowFactory for 'CEGUI/TabButton' windows.
12/07/2017 16:53:43 (Std) 	WindowFactory for 'CEGUI/TabButton' windows added. (06F3E610)
12/07/2017 16:53:43 (Std) 	Created WindowFactory for 'CEGUI/TabControl' windows.
12/07/2017 16:53:43 (Std) 	WindowFactory for 'CEGUI/TabControl' windows added. (06F3E6D8)
12/07/2017 16:53:43 (Std) 	Created WindowFactory for 'CEGUI/Thumb' windows.
12/07/2017 16:53:43 (Std) 	WindowFactory for 'CEGUI/Thumb' windows added. (06F3E7A0)
12/07/2017 16:53:43 (Std) 	Created WindowFactory for 'CEGUI/Titlebar' windows.
12/07/2017 16:53:43 (Std) 	WindowFactory for 'CEGUI/Titlebar' windows added. (06F3E930)
12/07/2017 16:53:43 (Std) 	Created WindowFactory for 'CEGUI/ToggleButton' windows.
12/07/2017 16:53:43 (Std) 	WindowFactory for 'CEGUI/ToggleButton' windows added. (06F3E868)
12/07/2017 16:53:43 (Std) 	Created WindowFactory for 'CEGUI/Tooltip' windows.
12/07/2017 16:53:43 (Std) 	WindowFactory for 'CEGUI/Tooltip' windows added. (06F3EAC0)
12/07/2017 16:53:43 (Std) 	Created WindowFactory for 'CEGUI/ItemListbox' windows.
12/07/2017 16:53:43 (Std) 	WindowFactory for 'CEGUI/ItemListbox' windows added. (06F3E9F8)
12/07/2017 16:53:43 (Std) 	Created WindowFactory for 'CEGUI/GroupBox' windows.
12/07/2017 16:53:43 (Std) 	WindowFactory for 'CEGUI/GroupBox' windows added. (06F3EB88)
12/07/2017 16:53:43 (Std) 	Created WindowFactory for 'CEGUI/Tree' windows.
12/07/2017 16:53:43 (Std) 	WindowFactory for 'CEGUI/Tree' windows added. (06F3EC50)
12/07/2017 16:53:43 (Std) 	Created WindowFactory for 'LayoutCell' windows.
12/07/2017 16:53:43 (Std) 	WindowFactory for 'LayoutCell' windows added. (06F3EDE0)
12/07/2017 16:53:43 (Std) 	Created WindowFactory for 'HorizontalLayoutContainer' windows.
12/07/2017 16:53:43 (Std) 	WindowFactory for 'HorizontalLayoutContainer' windows added. (06F3EEA8)
12/07/2017 16:53:43 (Std) 	Created WindowFactory for 'VerticalLayoutContainer' windows.
12/07/2017 16:53:43 (Std) 	WindowFactory for 'VerticalLayoutContainer' windows added. (06F3ED18)
12/07/2017 16:53:43 (Std) 	Created WindowFactory for 'GridLayoutContainer' windows.
12/07/2017 16:53:43 (Std) 	WindowFactory for 'GridLayoutContainer' windows added. (06F3EF70)
12/07/2017 16:53:43 (Std) 	CEGUI::System singleton created. (06AFFFD8)
12/07/2017 16:53:43 (Std) 	---- CEGUI System initialisation completed ----
12/07/2017 16:53:43 (Std) 	
12/07/2017 16:53:43 (Error)	CEGUI::FileIOException in function 'void __thiscall CEGUI::DefaultResourceProvider::loadRawDataContainer(const class CEGUI::String &,class CEGUI::RawDataContainer &,const class CEGUI::String &)' (C:\Users\Luis\Downloads\cegui-0.8.7\cegui\src\DefaultResourceProvider.cpp:66) : GUI/schemes/TaharezLook.scheme does not exist
12/07/2017 16:53:43 (Error)	========== Start of Backtrace ==========
12/07/2017 16:53:43 (Error)	#0 public: bool __thiscall CEGUI::MCLGridRef::operator==(struct CEGUI::MCLGridRef const &)const  +0x149414 (G:\Fundamento\final\papu-framework-zombie\Debug\CEGUIBase-0_d.dll)
12/07/2017 16:53:43 (Error)	#1 public: bool __thiscall CEGUI::MCLGridRef::operator==(struct CEGUI::MCLGridRef const &)const  +0x26f11 (G:\Fundamento\final\papu-framework-zombie\Debug\CEGUIBase-0_d.dll)
12/07/2017 16:53:43 (Error)	#2 public: bool __thiscall CEGUI::MCLGridRef::operator==(struct CEGUI::MCLGridRef const &)const  +0x12721a (G:\Fundamento\final\papu-framework-zombie\Debug\CEGUIBase-0_d.dll)
12/07/2017 16:53:43 (Error)	#3 public: bool __thiscall CEGUI::MCLGridRef::operator==(struct CEGUI::MCLGridRef const &)const  +0x23a92a (G:\Fundamento\final\papu-framework-zombie\Debug\CEGUIBase-0_d.dll)
12/07/2017 16:53:43 (Error)	#4 public: bool __thiscall CEGUI::MCLGridRef::operator==(struct CEGUI::MCLGridRef const &)const  +0x39cadb (G:\Fundamento\final\papu-framework-zombie\Debug\CEGUIBase-0_d.dll)
12/07/2017 16:53:43 (Error)	#5 public: bool __thiscall CEGUI::MCLGridRef::operator==(struct CEGUI::MCLGridRef const &)const  +0x10c231 (G:\Fundamento\final\papu-framework-zombie\Debug\CEGUIBase-0_d.dll)
12/07/2017 16:53:43 (Error)	#6 01340089 +0 (G:\Fundamento\final\papu-framework-zombie\Debug\PapuEngine.exe)
12/07/2017 16:53:43 (Error)	#7 0134E5AC +0 (G:\Fundamento\final\papu-framework-zombie\Debug\PapuEngine.exe)
12/07/2017 16:53:43 (Error)	#8 0134F0EA +0 (G:\Fundamento\final\papu-framework-zombie\Debug\PapuEngine.exe)
12/07/2017 16:53:43 (Error)	#9 01325085 +0 (G:\Fundamento\final\papu-framework-zombie\Debug\PapuEngine.exe)
12/07/2017 16:53:43 (Error)	#10 013253FB +0 (G:\Fundamento\final\papu-framework-zombie\Debug\PapuEngine.exe)
12/07/2017 16:53:43 (Error)	#11 0134BAD8 +0 (G:\Fundamento\final\papu-framework-zombie\Debug\PapuEngine.exe)
12/07/2017 16:53:43 (Error)	#12 0130A3D5 +0 (G:\Fundamento\final\papu-framework-zombie\Debug\PapuEngine.exe)
12/07/2017 16:53:43 (Error)	#13 0130A17E +0 (G:\Fundamento\final\papu-framework-zombie\Debug\PapuEngine.exe)
12/07/2017 16:53:43 (Error)	#14 0130A0D8 +0 (G:\Fundamento\final\papu-framework-zombie\Debug\PapuEngine.exe)
12/07/2017 16:53:43 (Error)	#15 013C106E +0 (G:\Fundamento\final\papu-framework-zombie\Debug\PapuEngine.exe)
12/07/2017 16:53:43 (Error)	#16 013C0EF0 +0 (G:\Fundamento\final\papu-framework-zombie\Debug\PapuEngine.exe)
12/07/2017 16:53:43 (Error)	#17 013C0D8D +0 (G:\Fundamento\final\papu-framework-zombie\Debug\PapuEngine.exe)
12/07/2017 16:53:43 (Error)	#18 013C1088 +0 (G:\Fundamento\final\papu-framework-zombie\Debug\PapuEngine.exe)
12/07/2017 16:53:43 (Error)	#19 BaseThreadInitThunk +0x12 (C:\Windows\syswow64\kernel32.dll)
12/07/2017 16:53:43 (Error)	#20 RtlInitializeExceptionChain +0x63 (C:\Windows\SysWOW64\ntdll.dll)
12/07/2017 16:53:43 (Error)	#21 RtlInitializeExceptionChain +0x36 (C:\Windows\SysWOW64\ntdll.dll)
12/07/2017 16:53:43 (Error)	==========  End of Backtrace  ==========
