f:\fundamento\final\new\debug\papuengine.ilk
f:\fundamento\final\new\debug\papuengine.exe
f:\fundamento\final\new\debug\papuengine.pdb
f:\fundamento\final\new\papuengine\debug\vc140.pdb
f:\fundamento\final\new\papuengine\debug\vc140.idb
f:\fundamento\final\new\papuengine\debug\human.obj
f:\fundamento\final\new\papuengine\debug\imageloader.obj
f:\fundamento\final\new\papuengine\debug\inputmanager.obj
f:\fundamento\final\new\papuengine\debug\iomanager.obj
f:\fundamento\final\new\papuengine\debug\level.obj
f:\fundamento\final\new\papuengine\debug\main.obj
f:\fundamento\final\new\papuengine\debug\maingame.obj
f:\fundamento\final\new\papuengine\debug\menuscreen.obj
f:\fundamento\final\new\papuengine\debug\papuengine.obj
f:\fundamento\final\new\papuengine\debug\picopng.obj
f:\fundamento\final\new\papuengine\debug\player.obj
f:\fundamento\final\new\papuengine\debug\resourcemanager.obj
f:\fundamento\final\new\papuengine\debug\screenlist.obj
f:\fundamento\final\new\papuengine\debug\sprite.obj
f:\fundamento\final\new\papuengine\debug\spritebacth.obj
f:\fundamento\final\new\papuengine\debug\spritefont.obj
f:\fundamento\final\new\papuengine\debug\texturecache.obj
f:\fundamento\final\new\papuengine\debug\window.obj
f:\fundamento\final\new\papuengine\debug\zombie.obj
f:\fundamento\final\new\papuengine\debug\zombie2.obj
f:\fundamento\final\new\papuengine\debug\agent.obj
f:\fundamento\final\new\papuengine\debug\app.obj
f:\fundamento\final\new\papuengine\debug\bala.obj
f:\fundamento\final\new\papuengine\debug\camera2d.obj
f:\fundamento\final\new\papuengine\debug\error.obj
f:\fundamento\final\new\papuengine\debug\game.obj
f:\fundamento\final\new\papuengine\debug\gameplayscreen.obj
f:\fundamento\final\new\papuengine\debug\gls_program.obj
f:\fundamento\final\new\papuengine\debug\gui.obj
f:\fundamento\final\new\papuengine\debug\papuengine.tlog\cl.command.1.tlog
f:\fundamento\final\new\papuengine\debug\papuengine.tlog\link.command.1.tlog
f:\fundamento\final\new\papuengine\debug\papuengine.tlog\link.delete.1.tlog
f:\fundamento\final\new\papuengine\debug\papuengine.tlog\cl.read.1.tlog
f:\fundamento\final\new\papuengine\debug\papuengine.tlog\link.read.1.tlog
f:\fundamento\final\new\papuengine\debug\papuengine.tlog\link.write.1.tlog
f:\fundamento\final\new\papuengine\debug\papuengine.tlog\cl.write.1.tlog
f:\fundamento\final\new\papuengine\debug\papuengine.tlog\link.7608.delete.1.tlog
